<?xml version="1.0" encoding="UTF-8"?>
<testng-results skipped="0" failed="0" ignored="0" total="1" passed="1">
  <reporter-output>
  </reporter-output>
  <suite name="WebDriver" duration-ms="23831" started-at="2020-11-07T13:50:56 PST" finished-at="2020-11-07T13:51:20 PST">
    <groups>
    </groups>
    <test name="test" duration-ms="23831" started-at="2020-11-07T13:50:56 PST" finished-at="2020-11-07T13:51:20 PST">
      <class name="TestNGTestCase.AddBook">
        <test-method status="PASS" signature="launch()[pri:0, instance:TestNGTestCase.AddBook@2038ae61]" name="launch" is-config="true" duration-ms="12539" started-at="2020-11-07T13:50:56 PST" finished-at="2020-11-07T13:51:09 PST">
          <reporter-output>
          </reporter-output>
        </test-method> <!-- launch -->
        <test-method status="PASS" signature="Verifyaddbook()[pri:0, instance:TestNGTestCase.AddBook@2038ae61]" name="Verifyaddbook" duration-ms="10808" started-at="2020-11-07T13:51:09 PST" finished-at="2020-11-07T13:51:19 PST">
          <reporter-output>
          </reporter-output>
        </test-method> <!-- Verifyaddbook -->
        <test-method status="PASS" signature="close()[pri:0, instance:TestNGTestCase.AddBook@2038ae61]" name="close" is-config="true" duration-ms="464" started-at="2020-11-07T13:51:19 PST" finished-at="2020-11-07T13:51:20 PST">
          <reporter-output>
          </reporter-output>
        </test-method> <!-- close -->
      </class> <!-- TestNGTestCase.AddBook -->
    </test> <!-- test -->
  </suite> <!-- WebDriver -->
</testng-results>
