<?xml version="1.0" encoding="UTF-8"?>
<testng-results skipped="0" failed="0" ignored="0" total="1" passed="1">
  <reporter-output>
  </reporter-output>
  <suite name="Default suite" duration-ms="5238" started-at="2020-11-08T08:38:59 PST" finished-at="2020-11-08T08:39:04 PST">
    <groups>
    </groups>
    <test name="Default test" duration-ms="5238" started-at="2020-11-08T08:38:59 PST" finished-at="2020-11-08T08:39:04 PST">
      <class name="TestNGTestCase.AddBook">
        <test-method status="PASS" signature="launch()[pri:0, instance:TestNGTestCase.AddBook@184f6be2]" name="launch" is-config="true" duration-ms="5071" started-at="2020-11-08T08:38:59 PST" finished-at="2020-11-08T08:39:04 PST">
          <reporter-output>
          </reporter-output>
        </test-method> <!-- launch -->
        <test-method status="PASS" signature="Verifyaddbook()[pri:0, instance:TestNGTestCase.AddBook@184f6be2]" name="Verifyaddbook" duration-ms="127" started-at="2020-11-08T08:39:04 PST" finished-at="2020-11-08T08:39:04 PST">
          <reporter-output>
          </reporter-output>
        </test-method> <!-- Verifyaddbook -->
        <test-method status="PASS" signature="close()[pri:0, instance:TestNGTestCase.AddBook@184f6be2]" name="close" is-config="true" duration-ms="4" started-at="2020-11-08T08:39:04 PST" finished-at="2020-11-08T08:39:04 PST">
          <reporter-output>
          </reporter-output>
        </test-method> <!-- close -->
      </class> <!-- TestNGTestCase.AddBook -->
    </test> <!-- Default test -->
  </suite> <!-- Default suite -->
</testng-results>
